<?xml version="1.0" encoding="UTF-8"?>
<!-- Generated by org.testng.reporters.JUnitXMLReporter -->
<testsuite ignored="0" hostname="LAPTOP-QH7RDTP8" failures="1" tests="1" name="OpenCart Tests" time="35.542" errors="0" timestamp="2022-01-30T10:51:06 IST">
  <testcase classname="testCases.TC_008_Addcart" name="Test_Addcart" time="31.321">
    <failure type="java.lang.AssertionError">
      <![CDATA[java.lang.AssertionError
at org.junit.Assert.fail(Assert.java:87)
at org.junit.Assert.assertTrue(Assert.java:42)
at org.junit.Assert.assertTrue(Assert.java:53)
at testCases.TC_008_Addcart.Test_Addcart(TC_008_Addcart.java:56)
at java.base/java.util.ArrayList.forEach(ArrayList.java:1511)
... Removed 27 stack frames]]>
    </failure>
  </testcase> <!-- Test_Addcart -->
</testsuite> <!-- OpenCart Tests -->
